# JRE version: OpenJDK Runtime Environment (11.0.28+6) (build 11.0.28+6-post-Ubuntu-1ubuntu124.04.1)
# Java VM: OpenJDK 64-Bit Server VM (11.0.28+6-post-Ubuntu-1ubuntu124.04.1, mixed mode, sharing, tiered, compressed oops, g1 gc, linux-amd64)
Heap:
 garbage-first heap   total 258048K, used 31231K [0x0000000706000000, 0x0000000800000000)
  region size 1024K, 5 young (5120K), 4 survivors (4096K)
 Metaspace       used 16856K, capacity 17395K, committed 17536K, reserved 1064960K
  class space    used 1927K, capacity 2157K, committed 2176K, reserved 1048576K
GC Heap History (14 events):
Event: 0.553 GC heap before
{Heap before GC invocations=0 (full 0):
 garbage-first heap   total 258048K, used 14032K [0x0000000706000000, 0x0000000800000000)
  region size 1024K, 14 young (14336K), 0 survivors (0K)
 Metaspace       used 7799K, capacity 8062K, committed 8192K, reserved 1056768K
  class space    used 880K, capacity 965K, committed 1024K, reserved 1048576K
}
Event: 0.559 GC heap after
{Heap after GC invocations=1 (full 0):
 garbage-first heap   total 258048K, used 4574K [0x0000000706000000, 0x0000000800000000)
  region size 1024K, 2 young (2048K), 2 survivors (2048K)
 Metaspace       used 7799K, capacity 8062K, committed 8192K, reserved 1056768K
  class space    used 880K, capacity 965K, committed 1024K, reserved 1048576K
}
Event: 1.782 GC heap before
{Heap before GC invocations=1 (full 0):
 garbage-first heap   total 258048K, used 20958K [0x0000000706000000, 0x0000000800000000)
  region size 1024K, 12 young (12288K), 2 survivors (2048K)
 Metaspace       used 8861K, capacity 9147K, committed 9344K, reserved 1056768K
  class space    used 987K, capacity 1131K, committed 1152K, reserved 1048576K
}
Event: 1.787 GC heap after
{Heap after GC invocations=2 (full 0):
 garbage-first heap   total 258048K, used 5337K [0x0000000706000000, 0x0000000800000000)
  region size 1024K, 1 young (1024K), 1 survivors (1024K)
 Metaspace       used 8861K, capacity 9147K, committed 9344K, reserved 1056768K
  class space    used 987K, capacity 1131K, committed 1152K, reserved 1048576K
}
Event: 3.035 GC heap before
{Heap before GC invocations=2 (full 0):
 garbage-first heap   total 258048K, used 20697K [0x0000000706000000, 0x0000000800000000)
  region size 1024K, 17 young (17408K), 1 survivors (1024K)
 Metaspace       used 9071K, capacity 9403K, committed 9600K, reserved 1058816K
  class space    used 990K, capacity 1131K, committed 1152K, reserved 1048576K
}
Event: 3.036 GC heap after
{Heap after GC invocations=3 (full 0):
 garbage-first heap   total 258048K, used 5373K [0x0000000706000000, 0x0000000800000000)
  region size 1024K, 1 young (1024K), 1 survivors (1024K)
 Metaspace       used 9071K, capacity 9403K, committed 9600K, reserved 1058816K
  class space    used 990K, capacity 1131K, committed 1152K, reserved 1048576K
}
Event: 3.700 GC heap before
{Heap before GC invocations=3 (full 0):
 garbage-first heap   total 258048K, used 29949K [0x0000000706000000, 0x0000000800000000)
  region size 1024K, 26 young (26624K), 1 survivors (1024K)
 Metaspace       used 9071K, capacity 9403K, committed 9600K, reserved 1058816K
  class space    used 990K, capacity 1131K, committed 1152K, reserved 1048576K
}
Event: 3.702 GC heap after
{Heap after GC invocations=4 (full 0):
 garbage-first heap   total 258048K, used 5313K [0x0000000706000000, 0x0000000800000000)
  region size 1024K, 1 young (1024K), 1 survivors (1024K)
 Metaspace       used 9071K, capacity 9403K, committed 9600K, reserved 1058816K
  class space    used 990K, capacity 1131K, committed 1152K, reserved 1048576K
}
Event: 9.900 GC heap before
{Heap before GC invocations=4 (full 0):
 garbage-first heap   total 258048K, used 121025K [0x0000000706000000, 0x0000000800000000)
  region size 1024K, 42 young (43008K), 1 survivors (1024K)
 Metaspace       used 10161K, capacity 10621K, committed 10880K, reserved 1058816K
  class space    used 1108K, capacity 1283K, committed 1408K, reserved 1048576K
}
Event: 9.904 GC heap after
{Heap after GC invocations=5 (full 0):
 garbage-first heap   total 258048K, used 24711K [0x0000000706000000, 0x0000000800000000)
  region size 1024K, 6 young (6144K), 6 survivors (6144K)
 Metaspace       used 10161K, capacity 10621K, committed 10880K, reserved 1058816K
  class space    used 1108K, capacity 1283K, committed 1408K, reserved 1048576K
}
Event: 10.432 GC heap before
{Heap before GC invocations=5 (full 0):
 garbage-first heap   total 258048K, used 85127K [0x0000000706000000, 0x0000000800000000)
  region size 1024K, 59 young (60416K), 6 survivors (6144K)
 Metaspace       used 10378K, capacity 10845K, committed 11136K, reserved 1058816K
  class space    used 1117K, capacity 1315K, committed 1408K, reserved 1048576K
}
Event: 10.434 GC heap after
{Heap after GC invocations=6 (full 0):
 garbage-first heap   total 258048K, used 25162K [0x0000000706000000, 0x0000000800000000)
  region size 1024K, 1 young (1024K), 1 survivors (1024K)
 Metaspace       used 10378K, capacity 10845K, committed 11136K, reserved 1058816K
  class space    used 1117K, capacity 1315K, committed 1408K, reserved 1048576K
}
Event: 12.586 GC heap before
{Heap before GC invocations=6 (full 0):
 garbage-first heap   total 258048K, used 107082K [0x0000000706000000, 0x0000000800000000)
  region size 1024K, 72 young (73728K), 1 survivors (1024K)
 Metaspace       used 16837K, capacity 17331K, committed 17536K, reserved 1064960K
  class space    used 1923K, capacity 2157K, committed 2176K, reserved 1048576K
}
Event: 12.593 GC heap after
{Heap after GC invocations=7 (full 0):
 garbage-first heap   total 258048K, used 31231K [0x0000000706000000, 0x0000000800000000)
  region size 1024K, 4 young (4096K), 4 survivors (4096K)
 Metaspace       used 16837K, capacity 17331K, committed 17536K, reserved 1064960K
  class space    used 1923K, capacity 2157K, committed 2176K, reserved 1048576K
}

